This is pdfTeX, Version 3.14159265-2.6-1.40.21 (MiKTeX 20.11) (preloaded format=pdflatex 2022.6.5)  11 JUN 2022 18:14
entering extended mode
**./solution.tex
(solution.tex
LaTeX2e <2020-10-01> patch level 2
L3 programming layer <2020-10-27> xparse <2020-03-03>
("C:\Program Files\MiKTeX\tex/latex/base\article.cls"
Document Class: article 2020/04/10 v1.4m Standard LaTeX document class
("C:\Program Files\MiKTeX\tex/latex/base\size12.clo"
File: size12.clo 2020/04/10 v1.4m Standard LaTeX file (size option)
)
\c@part=\count175
\c@section=\count176
\c@subsection=\count177
\c@subsubsection=\count178
\c@paragraph=\count179
\c@subparagraph=\count180
\c@figure=\count181
\c@table=\count182
\abovecaptionskip=\skip47
\belowcaptionskip=\skip48
\bibindent=\dimen138
)
("C:\Program Files\MiKTeX\tex/latex/base\inputenc.sty"
Package: inputenc 2020/08/01 v1.3d Input encoding file
\inpenc@prehook=\toks15
\inpenc@posthook=\toks16
)
("C:\Program Files\MiKTeX\tex/latex/mathtools\mathtools.sty"
Package: mathtools 2022/02/07 v1.28a mathematical typesetting tools

("C:\Program Files\MiKTeX\tex/latex/graphics\keyval.sty"
Package: keyval 2014/10/28 v1.15 key=value parser (DPC)
\KV@toks@=\toks17
)
("C:\Program Files\MiKTeX\tex/latex/tools\calc.sty"
Package: calc 2017/05/25 v4.3 Infix arithmetic (KKT,FJ)
\calc@Acount=\count183
\calc@Bcount=\count184
\calc@Adimen=\dimen139
\calc@Bdimen=\dimen140
\calc@Askip=\skip49
\calc@Bskip=\skip50
LaTeX Info: Redefining \setlength on input line 80.
LaTeX Info: Redefining \addtolength on input line 81.
\calc@Ccount=\count185
\calc@Cskip=\skip51
)
("C:\Program Files\MiKTeX\tex/latex/mathtools\mhsetup.sty"
Package: mhsetup 2021/03/18 v1.4 programming setup (MH)
)
("C:\Program Files\MiKTeX\tex/latex/amsmath\amsmath.sty"
Package: amsmath 2020/09/23 v2.17i AMS math features
\@mathmargin=\skip52

For additional information on amsmath, use the `?' option.
("C:\Program Files\MiKTeX\tex/latex/amsmath\amstext.sty"
Package: amstext 2000/06/29 v2.01 AMS text

("C:\Program Files\MiKTeX\tex/latex/amsmath\amsgen.sty"
File: amsgen.sty 1999/11/30 v2.0 generic functions
\@emptytoks=\toks18
\ex@=\dimen141
))
("C:\Program Files\MiKTeX\tex/latex/amsmath\amsbsy.sty"
Package: amsbsy 1999/11/29 v1.2d Bold Symbols
\pmbraise@=\dimen142
)
("C:\Program Files\MiKTeX\tex/latex/amsmath\amsopn.sty"
Package: amsopn 2016/03/08 v2.02 operator names
)
\inf@bad=\count186
LaTeX Info: Redefining \frac on input line 234.
\uproot@=\count187
\leftroot@=\count188
LaTeX Info: Redefining \overline on input line 399.
\classnum@=\count189
\DOTSCASE@=\count190
LaTeX Info: Redefining \ldots on input line 496.
LaTeX Info: Redefining \dots on input line 499.
LaTeX Info: Redefining \cdots on input line 620.
\Mathstrutbox@=\box47
\strutbox@=\box48
\big@size=\dimen143
LaTeX Font Info:    Redeclaring font encoding OML on input line 743.
LaTeX Font Info:    Redeclaring font encoding OMS on input line 744.
\macc@depth=\count191
\c@MaxMatrixCols=\count192
\dotsspace@=\muskip16
\c@parentequation=\count193
\dspbrk@lvl=\count194
\tag@help=\toks19
\row@=\count195
\column@=\count196
\maxfields@=\count197
\andhelp@=\toks20
\eqnshift@=\dimen144
\alignsep@=\dimen145
\tagshift@=\dimen146
\tagwidth@=\dimen147
\totwidth@=\dimen148
\lineht@=\dimen149
\@envbody=\toks21
\multlinegap=\skip53
\multlinetaggap=\skip54
\mathdisplay@stack=\toks22
LaTeX Info: Redefining \[ on input line 2923.
LaTeX Info: Redefining \] on input line 2924.
)
\g_MT_multlinerow_int=\count198
\l_MT_multwidth_dim=\dimen150
\origjot=\skip55
\l_MT_shortvdotswithinadjustabove_dim=\dimen151
\l_MT_shortvdotswithinadjustbelow_dim=\dimen152
\l_MT_above_intertext_sep=\dimen153
\l_MT_below_intertext_sep=\dimen154
\l_MT_above_shortintertext_sep=\dimen155
\l_MT_below_shortintertext_sep=\dimen156
\xmathstrut@box=\box49
\xmathstrut@dim=\dimen157
)
("C:\Program Files\MiKTeX\tex/latex/was\gensymb.sty"
Package: gensymb 2003/07/02 v1.0 (WaS)
)
("C:\Program Files\MiKTeX\tex/latex/graphics\graphicx.sty"
Package: graphicx 2020/09/09 v1.2b Enhanced LaTeX Graphics (DPC,SPQR)

("C:\Program Files\MiKTeX\tex/latex/graphics\graphics.sty"
Package: graphics 2020/08/30 v1.4c Standard LaTeX Graphics (DPC,SPQR)

("C:\Program Files\MiKTeX\tex/latex/graphics\trig.sty"
Package: trig 2016/01/03 v1.10 sin cos tan (DPC)
)
("C:\Program Files\MiKTeX\tex/latex/graphics-cfg\graphics.cfg"
File: graphics.cfg 2016/06/04 v1.11 sample graphics configuration
)
Package graphics Info: Driver file: pdftex.def on input line 105.

("C:\Program Files\MiKTeX\tex/latex/graphics-def\pdftex.def"
File: pdftex.def 2020/10/05 v1.2a Graphics/color driver for pdftex
))
\Gin@req@height=\dimen158
\Gin@req@width=\dimen159
)
("C:\Program Files\MiKTeX\tex/latex/l3backend\l3backend-pdftex.def"
File: l3backend-pdftex.def 2020-09-24 L3 backend support: PDF output (pdfTeX)
\l__kernel_color_stack_int=\count199
\l__pdf_internal_box=\box50
)
(solution.aux)
\openout1 = `solution.aux'.

LaTeX Font Info:    Checking defaults for OML/cmm/m/it on input line 18.
LaTeX Font Info:    ... okay on input line 18.
LaTeX Font Info:    Checking defaults for OMS/cmsy/m/n on input line 18.
LaTeX Font Info:    ... okay on input line 18.
LaTeX Font Info:    Checking defaults for OT1/cmr/m/n on input line 18.
LaTeX Font Info:    ... okay on input line 18.
LaTeX Font Info:    Checking defaults for T1/cmr/m/n on input line 18.
LaTeX Font Info:    ... okay on input line 18.
LaTeX Font Info:    Checking defaults for TS1/cmr/m/n on input line 18.
LaTeX Font Info:    ... okay on input line 18.
LaTeX Font Info:    Checking defaults for OMX/cmex/m/n on input line 18.
LaTeX Font Info:    ... okay on input line 18.
LaTeX Font Info:    Checking defaults for U/cmr/m/n on input line 18.
LaTeX Font Info:    ... okay on input line 18.
LaTeX Info: Redefining \celsius on input line 18.
Package gensymb Info: Faking symbols for \degree and \celsius on input line 18.



Package gensymb Warning: Not defining \perthousand.

LaTeX Info: Redefining \ohm on input line 18.
Package gensymb Info: Using \Omega for \ohm on input line 18.

Package gensymb Warning: Not defining \micro.

("C:\Program Files\MiKTeX\tex/context/base/mkii\supp-pdf.mkii"
[Loading MPS to PDF converter (version 2006.09.02).]
\scratchcounter=\count266
\scratchdimen=\dimen160
\scratchbox=\box51
\nofMPsegments=\count267
\nofMParguments=\count268
\everyMPshowfont=\toks23
\MPscratchCnt=\count269
\MPscratchDim=\dimen161
\MPnumerator=\count270
\makeMPintoPDFobject=\count271
\everyMPtoPDFconversion=\toks24
) ("C:\Program Files\MiKTeX\tex/latex/epstopdf-pkg\epstopdf-base.sty"
Package: epstopdf-base 2020-01-24 v2.11 Base part for package epstopdf
Package epstopdf-base Info: Redefining graphics rule for `.eps' on input line 4
85.
)
Underfull \hbox (badness 10000) in paragraph at lines 24--27

 []

(solution.toc)
\tf@toc=\write3
\openout3 = `solution.toc'.

 [1

{C:/Users/Uporabnik/AppData/Local/MiKTeX/pdftex/config/pdftex.map}] [2]
Underfull \hbox (badness 10000) in paragraph at lines 82--83

 []


Underfull \hbox (badness 10000) in paragraph at lines 90--94

 []

[3]
Underfull \vbox (badness 8000) has occurred while \output is active []

 [4]
Underfull \hbox (badness 10000) in paragraph at lines 148--154

 []


Underfull \vbox (badness 10000) has occurred while \output is active []

 [5]
Underfull \hbox (badness 10000) in paragraph at lines 171--177

 []

[6] [7]
Underfull \hbox (badness 10000) in paragraph at lines 221--232

 []


Underfull \hbox (badness 10000) in paragraph at lines 235--246

 []

[8]
Underfull \hbox (badness 10000) in paragraph at lines 249--260

 []


Underfull \hbox (badness 10000) in paragraph at lines 263--274

 []

[9]
Underfull \hbox (badness 10000) in paragraph at lines 277--288

 []


Underfull \hbox (badness 10000) in paragraph at lines 291--302

 []

[10]
<images//test1.png, id=44, 843.90282pt x 723.45282pt>
File: images//test1.png Graphic file (type png)
<use images//test1.png>
Package pdftex.def Info: images//test1.png  used on input line 307.
(pdftex.def)             Requested size: 390.0pt x 334.3378pt.
 [11 <./images//test1.png>]
<images//test2.png, id=50, 752.0597pt x 660.21657pt>
File: images//test2.png Graphic file (type png)
<use images//test2.png>
Package pdftex.def Info: images//test2.png  used on input line 310.
(pdftex.def)             Requested size: 390.0pt x 342.3777pt.
 [12 <./images//test2.png>]
<images//test31.png, id=55, 835.62187pt x 660.96938pt>
File: images//test31.png Graphic file (type png)
<use images//test31.png>
Package pdftex.def Info: images//test31.png  used on input line 313.
(pdftex.def)             Requested size: 390.0pt x 308.48724pt.
<images//test32.png, id=56, 815.29594pt x 720.44156pt>
File: images//test32.png Graphic file (type png)
<use images//test32.png>
Package pdftex.def Info: images//test32.png  used on input line 314.
(pdftex.def)             Requested size: 390.0pt x 344.62076pt.

Underfull \vbox (badness 10000) has occurred while \output is active []

 [13 <./images//test31.png>] [14 <./images//test32.png>]
<images//test41.png, id=66, 804.75656pt x 657.95813pt>
File: images//test41.png Graphic file (type png)
<use images//test41.png>
Package pdftex.def Info: images//test41.png  used on input line 317.
(pdftex.def)             Requested size: 390.0pt x 318.85832pt.
<images//test42.png, id=67, 749.80125pt x 706.13812pt>
File: images//test42.png Graphic file (type png)
<use images//test42.png>
Package pdftex.def Info: images//test42.png  used on input line 318.
(pdftex.def)             Requested size: 390.0pt x 367.29091pt.

Underfull \vbox (badness 10000) has occurred while \output is active []

 [15 <./images//test41.png>] [16 <./images//test42.png>]
<images//test51.png, id=76, 768.62157pt x 614.295pt>
File: images//test51.png Graphic file (type png)
<use images//test51.png>
Package pdftex.def Info: images//test51.png  used on input line 321.
(pdftex.def)             Requested size: 390.0pt x 311.7022pt.
<images//test52.png, id=77, 717.43031pt x 719.68875pt>
File: images//test52.png Graphic file (type png)
<use images//test52.png>
Package pdftex.def Info: images//test52.png  used on input line 322.
(pdftex.def)             Requested size: 390.0pt x 391.23975pt.

Underfull \vbox (badness 10000) has occurred while \output is active []

 [17 <./images//test51.png>] [18 <./images//test52.png>]
<images//test61.png, id=86, 704.6325pt x 644.4075pt>
File: images//test61.png Graphic file (type png)
<use images//test61.png>
Package pdftex.def Info: images//test61.png  used on input line 325.
(pdftex.def)             Requested size: 390.0pt x 356.66711pt.
<images//test62.png, id=87, 792.71156pt x 746.79pt>
File: images//test62.png Graphic file (type png)
<use images//test62.png>
Package pdftex.def Info: images//test62.png  used on input line 326.
(pdftex.def)             Requested size: 390.0pt x 367.41165pt.

Underfull \vbox (badness 10000) has occurred while \output is active []

 [19 <./images//test61.png>] [20 <./images//test62.png>] (solution.aux) ) 
Here is how much of TeX's memory you used:
 2544 strings out of 479760
 37733 string characters out of 2878624
 319929 words of memory out of 3000000
 19573 multiletter control sequences out of 15000+200000
 541913 words of font info for 53 fonts, out of 3000000 for 9000
 1141 hyphenation exceptions out of 8191
 78i,15n,85p,263b,203s stack positions out of 5000i,500n,10000p,200000b,50000s
<C:/Pr
ogram Files/MiKTeX/fonts/type1/public/amsfonts/cm/cmbx12.pfb><C:/Program Files/
MiKTeX/fonts/type1/public/amsfonts/cm/cmex10.pfb><C:/Program Files/MiKTeX/fonts
/type1/public/amsfonts/cm/cmmi12.pfb><C:/Program Files/MiKTeX/fonts/type1/publi
c/amsfonts/cm/cmmi6.pfb><C:/Program Files/MiKTeX/fonts/type1/public/amsfonts/cm
/cmmi8.pfb><C:/Program Files/MiKTeX/fonts/type1/public/amsfonts/cm/cmr12.pfb><C
:/Program Files/MiKTeX/fonts/type1/public/amsfonts/cm/cmr17.pfb><C:/Program Fil
es/MiKTeX/fonts/type1/public/amsfonts/cm/cmr6.pfb><C:/Program Files/MiKTeX/font
s/type1/public/amsfonts/cm/cmr8.pfb><C:/Program Files/MiKTeX/fonts/type1/public
/amsfonts/cm/cmsy10.pfb><C:/Program Files/MiKTeX/fonts/type1/public/amsfonts/cm
/cmsy8.pfb>
Output written on solution.pdf (20 pages, 474855 bytes).
PDF statistics:
 132 PDF objects out of 1000 (max. 8388607)
 0 named destinations out of 1000 (max. 500000)
 51 words of extra memory for PDF output out of 10000 (max. 10000000)

